<?xml version="1.0" encoding="UTF-8" ?>
<testsuite tests="8" failures="0" name="com.wakaleo.gameoflife.domain.WhenYouReadAGridFromAString" time="0.05" errors="0" skipped="0">
  <properties>
    <property name="java.runtime.name" value="Java(TM) SE Runtime Environment"/>
    <property name="sun.boot.library.path" value="D:\DevOps\maven\jdk1.8.0_181\jre\bin"/>
    <property name="java.vm.version" value="25.181-b13"/>
    <property name="java.vm.vendor" value="Oracle Corporation"/>
    <property name="maven.multiModuleProjectDirectory" value="D:/DevOps/Docker/Docker-K8S/pipeline/game-of-life"/>
    <property name="java.vendor.url" value="http://java.oracle.com/"/>
    <property name="path.separator" value=";"/>
    <property name="guice.disable.misplaced.annotation.check" value="true"/>
    <property name="java.vm.name" value="Java HotSpot(TM) 64-Bit Server VM"/>
    <property name="file.encoding.pkg" value="sun.io"/>
    <property name="user.script" value=""/>
    <property name="user.country" value="IN"/>
    <property name="sun.java.launcher" value="SUN_STANDARD"/>
    <property name="sun.os.patch.level" value=""/>
    <property name="java.vm.specification.name" value="Java Virtual Machine Specification"/>
    <property name="user.dir" value="D:\DevOps\Docker\Docker-K8S\pipeline\game-of-life"/>
    <property name="java.runtime.version" value="1.8.0_181-b13"/>
    <property name="java.awt.graphicsenv" value="sun.awt.Win32GraphicsEnvironment"/>
    <property name="java.endorsed.dirs" value="D:\DevOps\maven\jdk1.8.0_181\jre\lib\endorsed"/>
    <property name="os.arch" value="amd64"/>
    <property name="java.io.tmpdir" value="C:\Users\Girish\AppData\Local\Temp\"/>
    <property name="line.separator" value="
"/>
    <property name="java.vm.specification.vendor" value="Oracle Corporation"/>
    <property name="user.variant" value=""/>
    <property name="os.name" value="Windows 10"/>
    <property name="classworlds.conf" value="D:/DevOps/maven/apache-maven-3.5.4/bin/m2.conf"/>
    <property name="sun.jnu.encoding" value="Cp1252"/>
    <property name="java.library.path" value="D:\DevOps\maven\jdk1.8.0_181\bin;C:\WINDOWS\Sun\Java\bin;C:\WINDOWS\system32;C:\WINDOWS;C:\Users\Girish\bin;C:\Program Files\Git\mingw64\bin;C:\Program Files\Git\usr\local\bin;C:\Program Files\Git\usr\bin;C:\Program Files\Git\usr\bin;C:\Program Files\Git\mingw64\bin;C:\Program Files\Git\usr\bin;C:\Users\Girish\bin;C:\WINDOWS\system32;C:\WINDOWS;C:\WINDOWS\System32\Wbem;C:\WINDOWS\System32\WindowsPowerShell\v1.0;C:\WINDOWS\System32\OpenSSH;C:\Program Files\Git\cmd;D:\DevOps\maven\apache-maven-3.5.4\bin;D:\DevOps\maven\jdk1.8.0_181\bin;C:\Users\Girish\AppData\Local\Microsoft\WindowsApps;C:\Users\Girish\AppData\Local\Programs\Microsoft VS Code\bin;C:\Program Files\Git\usr\bin\vendor_perl;C:\Program Files\Git\usr\bin\core_perl;."/>
    <property name="maven.conf" value="D:/DevOps/maven/apache-maven-3.5.4/conf"/>
    <property name="java.specification.name" value="Java Platform API Specification"/>
    <property name="java.class.version" value="52.0"/>
    <property name="sun.management.compiler" value="HotSpot 64-Bit Tiered Compilers"/>
    <property name="os.version" value="10.0"/>
    <property name="library.jansi.path" value="D:/DevOps/maven/apache-maven-3.5.4/lib/jansi-native"/>
    <property name="user.home" value="C:\Users\Girish"/>
    <property name="user.timezone" value="Asia/Calcutta"/>
    <property name="java.awt.printerjob" value="sun.awt.windows.WPrinterJob"/>
    <property name="java.specification.version" value="1.8"/>
    <property name="file.encoding" value="Cp1252"/>
    <property name="user.name" value="Girish"/>
    <property name="java.class.path" value="D:/DevOps/maven/apache-maven-3.5.4/boot/plexus-classworlds-2.5.2.jar"/>
    <property name="java.vm.specification.version" value="1.8"/>
    <property name="sun.arch.data.model" value="64"/>
    <property name="java.home" value="D:\DevOps\maven\jdk1.8.0_181\jre"/>
    <property name="sun.java.command" value="org.codehaus.plexus.classworlds.launcher.Launcher package"/>
    <property name="java.specification.vendor" value="Oracle Corporation"/>
    <property name="user.language" value="en"/>
    <property name="awt.toolkit" value="sun.awt.windows.WToolkit"/>
    <property name="java.vm.info" value="mixed mode"/>
    <property name="java.version" value="1.8.0_181"/>
    <property name="java.ext.dirs" value="D:\DevOps\maven\jdk1.8.0_181\jre\lib\ext;C:\WINDOWS\Sun\Java\lib\ext"/>
    <property name="sun.boot.class.path" value="D:\DevOps\maven\jdk1.8.0_181\jre\lib\resources.jar;D:\DevOps\maven\jdk1.8.0_181\jre\lib\rt.jar;D:\DevOps\maven\jdk1.8.0_181\jre\lib\sunrsasign.jar;D:\DevOps\maven\jdk1.8.0_181\jre\lib\jsse.jar;D:\DevOps\maven\jdk1.8.0_181\jre\lib\jce.jar;D:\DevOps\maven\jdk1.8.0_181\jre\lib\charsets.jar;D:\DevOps\maven\jdk1.8.0_181\jre\lib\jfr.jar;D:\DevOps\maven\jdk1.8.0_181\jre\classes"/>
    <property name="java.vendor" value="Oracle Corporation"/>
    <property name="maven.home" value="D:\DevOps\maven\apache-maven-3.5.4"/>
    <property name="file.separator" value="\"/>
    <property name="java.vendor.url.bug" value="http://bugreport.sun.com/bugreport/"/>
    <property name="sun.cpu.endian" value="little"/>
    <property name="sun.io.unicode.encoding" value="UnicodeLittle"/>
    <property name="sun.desktop" value="windows"/>
    <property name="sun.cpu.isalist" value="amd64"/>
  </properties>
  <testcase classname="com.wakaleo.gameoflife.domain.WhenYouReadAGridFromAString" name="shouldRefuseIllegalCellCharacters" time="0"/>
  <testcase classname="com.wakaleo.gameoflife.domain.WhenYouReadAGridFromAString" name="shouldBeAbleToReadAGridContainingLiveAndDeadCells" time="0"/>
  <testcase classname="com.wakaleo.gameoflife.domain.WhenYouReadAGridFromAString" name="shouldBeAbleToReadAnAsymetricalGridContainingLiveAndDeadCells" time="0"/>
  <testcase classname="com.wakaleo.gameoflife.domain.WhenYouReadAGridFromAString" name="shouldBeAbleToReadAVeryLargerGrid" time="0"/>
  <testcase classname="com.wakaleo.gameoflife.domain.WhenYouReadAGridFromAString" name="shouldBeAbleToReadALargerGrid" time="0"/>
  <testcase classname="com.wakaleo.gameoflife.domain.WhenYouReadAGridFromAString" name="shouldBeAbleToReadAGridContainingASingleCellFromAString" time="0"/>
  <testcase classname="com.wakaleo.gameoflife.domain.WhenYouReadAGridFromAString" name="shouldBeAbleToReadAGridOfCellsFromAString" time="0"/>
  <testcase classname="com.wakaleo.gameoflife.domain.WhenYouReadAGridFromAString" name="shouldBeAbleToReadAnEmptyGridOfCellsFromAnEmptyString" time="0"/>
</testsuite>